  main.cpp
C:\UCLA\CS 31\project1\main.cpp(30,26): error C2059: syntax error: ':'
C:\UCLA\CS 31\project1\main.cpp(32,6): error C2059: syntax error: ':'
